0 info it worked if it ends with ok
1 verbose cli [ 'C:\\Program Files\\nodejs\\\\node.exe',
1 verbose cli   'C:\\Program Files\\nodejs\\node_modules\\npm\\bin\\npm-cli.js',
1 verbose cli   'install',
1 verbose cli   '--save',
1 verbose cli   'bcrypt-parser' ]
2 info using npm@1.4.28
3 info using node@v0.10.32
4 verbose node symlink C:\Program Files\nodejs\\node.exe
5 warn package.json assert@1.1.2 assert is also the name of a node core module.
6 verbose readDependencies using package.json deps
7 verbose cache add [ 'bcrypt-parser', null ]
8 verbose cache add name=undefined spec="bcrypt-parser" args=["bcrypt-parser",null]
9 verbose parsed url { protocol: null,
9 verbose parsed url   slashes: null,
9 verbose parsed url   auth: null,
9 verbose parsed url   host: null,
9 verbose parsed url   port: null,
9 verbose parsed url   hostname: null,
9 verbose parsed url   hash: null,
9 verbose parsed url   search: null,
9 verbose parsed url   query: null,
9 verbose parsed url   pathname: 'bcrypt-parser',
9 verbose parsed url   path: 'bcrypt-parser',
9 verbose parsed url   href: 'bcrypt-parser' }
10 silly lockFile 95b0e152-bcrypt-parser bcrypt-parser
11 verbose lock bcrypt-parser C:\Users\Bart\AppData\Roaming\npm-cache\95b0e152-bcrypt-parser.lock
12 silly lockFile 95b0e152-bcrypt-parser bcrypt-parser
13 silly lockFile 95b0e152-bcrypt-parser bcrypt-parser
14 verbose addNamed [ 'bcrypt-parser', '' ]
15 verbose addNamed [ null, '*' ]
16 silly lockFile c5ef5b23-bcrypt-parser bcrypt-parser@
17 verbose lock bcrypt-parser@ C:\Users\Bart\AppData\Roaming\npm-cache\c5ef5b23-bcrypt-parser.lock
18 silly addNameRange { name: 'bcrypt-parser', range: '*', hasData: false }
19 verbose request where is /bcrypt-parser
20 verbose request registry https://registry.npmjs.org/
21 verbose request id 83521a3f572c0bf4
22 verbose url raw /bcrypt-parser
23 verbose url resolving [ 'https://registry.npmjs.org/', './bcrypt-parser' ]
24 verbose url resolved https://registry.npmjs.org/bcrypt-parser
25 verbose request where is https://registry.npmjs.org/bcrypt-parser
26 info trying registry request attempt 1 at 22:43:11
27 http GET https://registry.npmjs.org/bcrypt-parser
28 http 404 https://registry.npmjs.org/bcrypt-parser
29 verbose headers { date: 'Fri, 09 Jan 2015 21:43:16 GMT',
29 verbose headers   server: 'CouchDB/1.5.0 (Erlang OTP/R14B04)',
29 verbose headers   'content-type': 'application/json',
29 verbose headers   'cache-control': 'max-age=0',
29 verbose headers   'content-length': '52',
29 verbose headers   'accept-ranges': 'bytes',
29 verbose headers   via: '1.1 varnish',
29 verbose headers   age: '0',
29 verbose headers   'x-served-by': 'cache-ams4138-AMS',
29 verbose headers   'x-cache': 'MISS',
29 verbose headers   'x-cache-hits': '0',
29 verbose headers   'x-timer': 'S1420839796.323554,VS0,VE387',
29 verbose headers   'keep-alive': 'timeout=10, max=50',
29 verbose headers   connection: 'Keep-Alive' }
30 silly registry.get cb [ 404,
30 silly registry.get   { date: 'Fri, 09 Jan 2015 21:43:16 GMT',
30 silly registry.get     server: 'CouchDB/1.5.0 (Erlang OTP/R14B04)',
30 silly registry.get     'content-type': 'application/json',
30 silly registry.get     'cache-control': 'max-age=0',
30 silly registry.get     'content-length': '52',
30 silly registry.get     'accept-ranges': 'bytes',
30 silly registry.get     via: '1.1 varnish',
30 silly registry.get     age: '0',
30 silly registry.get     'x-served-by': 'cache-ams4138-AMS',
30 silly registry.get     'x-cache': 'MISS',
30 silly registry.get     'x-cache-hits': '0',
30 silly registry.get     'x-timer': 'S1420839796.323554,VS0,VE387',
30 silly registry.get     'keep-alive': 'timeout=10, max=50',
30 silly registry.get     connection: 'Keep-Alive' } ]
31 silly lockFile c5ef5b23-bcrypt-parser bcrypt-parser@
32 silly lockFile c5ef5b23-bcrypt-parser bcrypt-parser@
33 error 404 404 Not Found: bcrypt-parser
33 error 404
33 error 404 'bcrypt-parser' is not in the npm registry.
33 error 404 You should bug the author to publish it
33 error 404 It was specified as a dependency of 'alertMapBackendProject'
33 error 404
33 error 404 Note that you can also install from a
33 error 404 tarball, folder, or http url, or git url.
34 error System Windows_NT 6.2.9200
35 error command "C:\\Program Files\\nodejs\\\\node.exe" "C:\\Program Files\\nodejs\\node_modules\\npm\\bin\\npm-cli.js" "install" "--save" "bcrypt-parser"
36 error cwd C:\Users\Bart\Desktop\BackEndProject
37 error node -v v0.10.32
38 error npm -v 1.4.28
39 error code E404
40 verbose exit [ 1, true ]
